{"name": "Test04: Verify Number of Products on Parabank", "status": "failed", "statusDetails": {"message": "AssertionError: Number of elements: 10 does not match expected 11", "trace": "self = <tests_cases.test_web.TestWeb object at 0x0000027C01CCF950>\n\n    @allure.title('Test04: Verify Number of Products on Parabank')\n    @allure.description('This test verifies that the number of products displayed on the Parabank products page.')\n    def test_verify_number_of_products(self):\n        # Navigate to the products page on the Parabank application.\n        WebFlows.navigate_products_page_parabank()\n        # Verify that the number of products on the page is equal to expected.\n>       WebFlows.verify_number_of_products(11)\n\ntest_web.py:50: \n_ _ _ _ _ _ _ _ _ _ _ _ _ _ _ _ _ _ _ _ _ _ _ _ _ _ _ _ _ _ _ _ _ _ _ _ _ _ _ _ _ _ _ _ _ _ _ _ _ _ _ _ _ _ _ _ _ _ _ _ _ _ _ _ _ _ _ _ _ _ _ _ _ _ _ _\n..\\workflows\\web_flows.py:65: in verify_number_of_products\n    Verifications.verify_number_of_elements(page.products_page.get_list_of_products(), expected)\n_ _ _ _ _ _ _ _ _ _ _ _ _ _ _ _ _ _ _ _ _ _ _ _ _ _ _ _ _ _ _ _ _ _ _ _ _ _ _ _ _ _ _ _ _ _ _ _ _ _ _ _ _ _ _ _ _ _ _ _ _ _ _ _ _ _ _ _ _ _ _ _ _ _ _ _\n\nelems = [<selenium.webdriver.support.event_firing_webdriver.EventFiringWebElement object at 0x0000027C01D0AF30>, <selenium.web...01D90200>, <selenium.webdriver.support.event_firing_webdriver.EventFiringWebElement object at 0x0000027C01D90C80>, ...]\nexpected = 11\n\n    @staticmethod\n    @allure.step('Verify number of elements is \"{expected}\"')\n    def verify_number_of_elements(elems: List[WebElement], expected: int):\n        print(f\"number of elements is {len(elems)}\")\n>       assert len(elems) == expected, f'Number of elements: {str(len(elems))} does not match expected {str(expected)}'\nE       AssertionError: Number of elements: 10 does not match expected 11\n\n..\\extensions\\verification.py:45: AssertionError"}, "description": "This test verifies that the number of products displayed on the Parabank products page.", "steps": [{"name": "Navigate to the Products page on Parabank", "status": "passed", "steps": [{"name": "Click on element", "status": "passed", "parameters": [{"name": "element", "value": "<selenium.webdriver.support.event_firing_webdriver.EventFiringWebElement object at 0x0000027C7FAB7590>"}], "start": 1725101342407, "stop": 1725101351033}], "start": 1725101342190, "stop": 1725101351034}, {"name": "Verify number of products on the products page of Parabank", "status": "failed", "statusDetails": {"message": "AssertionError: Number of elements: 10 does not match expected 11\n", "trace": "  File \"C:\\Automation\\Projects\\selenium3-python\\.venv\\Lib\\site-packages\\allure_commons\\_allure.py\", line 192, in impl\n    return func(*a, **kw)\n           ^^^^^^^^^^^^^^\n  File \"C:\\Automation\\Projects\\selenium3-python\\workflows\\web_flows.py\", line 65, in verify_number_of_products\n    Verifications.verify_number_of_elements(page.products_page.get_list_of_products(), expected)\n  File \"C:\\Automation\\Projects\\selenium3-python\\.venv\\Lib\\site-packages\\allure_commons\\_allure.py\", line 192, in impl\n    return func(*a, **kw)\n           ^^^^^^^^^^^^^^\n  File \"C:\\Automation\\Projects\\selenium3-python\\extensions\\verification.py\", line 45, in verify_number_of_elements\n    assert len(elems) == expected, f'Number of elements: {str(len(elems))} does not match expected {str(expected)}'\n"}, "steps": [{"name": "Verify number of elements is \"11\"", "status": "failed", "statusDetails": {"message": "AssertionError: Number of elements: 10 does not match expected 11\n", "trace": "  File \"C:\\Automation\\Projects\\selenium3-python\\.venv\\Lib\\site-packages\\allure_commons\\_allure.py\", line 192, in impl\n    return func(*a, **kw)\n           ^^^^^^^^^^^^^^\n  File \"C:\\Automation\\Projects\\selenium3-python\\extensions\\verification.py\", line 45, in verify_number_of_elements\n    assert len(elems) == expected, f'Number of elements: {str(len(elems))} does not match expected {str(expected)}'\n"}, "parameters": [{"name": "elems", "value": "[<selenium.webdriver.support.event_firing_webdriver.EventFiringWebElement object at 0x0000027C01D0AF30>, <selenium.webdriver.support.event_firing_webdriver.EventFiringWebElement object at 0x0000027C01D0A900>, <selenium.webdriver.support.event_firing_webdriver.EventFiringWebElement object at 0x0000027C01D91520>, <selenium.webdriver.support.event_firing_webdriver.EventFiringWebElement object at 0x0000027C01D907D0>, <selenium.webdriver.support.event_firing_webdriver.EventFiringWebElement object at 0x0000027C01D90200>, <selenium.webdriver.support.event_firing_webdriver.EventFiringWebElement object at 0x0000027C01D90C80>, <selenium.webdriver.support.event_firing_webdriver.EventFiringWebElement object at 0x0000027C01D90E60>, <selenium.webdriver.support.event_firing_webdriver.EventFiringWebElement object at 0x0000027C01D91100>, <selenium.webdriver.support.event_firing_webdriver.EventFiringWebElement object at 0x0000027C01D90980>, <selenium.webdriver.support.event_firing_webdriver.EventFiringWebElement object at 0x0000027C01D90680>]"}, {"name": "expected", "value": "11"}], "start": 1725101351057, "stop": 1725101351057}], "parameters": [{"name": "expected", "value": "11"}], "start": 1725101351034, "stop": 1725101351174}], "attachments": [{"source": "ee37abe8-a64f-4a09-93bf-39da890c5143-attachment.png", "type": "image/png"}], "start": 1725101342190, "stop": 1725101351207, "uuid": "85d9c8cb-30e4-44b3-8f1a-b4964040970d", "historyId": "c30e62fafbc1b1526f0d9abc156543fe", "testCaseId": "c30e62fafbc1b1526f0d9abc156543fe", "fullName": "test_web.TestWeb#test_verify_number_of_products", "labels": [{"name": "tag", "value": "@pytest.mark.usefixtures('init_web_driver')"}, {"name": "suite", "value": "test_web"}, {"name": "subSuite", "value": "TestWeb"}, {"name": "host", "value": "DESKTOP-DHGB96Q"}, {"name": "thread", "value": "6004-MainThread"}, {"name": "framework", "value": "pytest"}, {"name": "language", "value": "cpython3"}, {"name": "package", "value": "test_web"}]}