{"name": "Test04: Verify Number of Products on Parabank", "status": "failed", "statusDetails": {"message": "AssertionError: Number of elements: 10 does not match expected 11", "trace": "self = <tests_cases.test_web.TestWeb object at 0x0000024043CEF980>\n\n    @allure.title('Test04: Verify Number of Products on Parabank')\n    @allure.description('This test verifies that the number of products displayed on the Parabank products page.')\n    def test_verify_number_of_products(self):\n        # Navigate to the products page on the Parabank application.\n        WebFlows.navigate_products_page_parabank()\n        # Verify that the number of products on the page is equal to expected.\n>       WebFlows.verify_number_of_products(11)\n\ntest_web.py:50: \n_ _ _ _ _ _ _ _ _ _ _ _ _ _ _ _ _ _ _ _ _ _ _ _ _ _ _ _ _ _ _ _ _ _ _ _ _ _ _ _ _ _ _ _ _ _ _ _ _ _ _ _ _ _ _ _ _ _ _ _ _ _ _ _ _ _ _ _ _ _ _ _ _ _ _ _\n..\\workflows\\web_flows.py:65: in verify_number_of_products\n    Verifications.verify_number_of_elements(page.products_page.get_list_of_products(), expected)\n_ _ _ _ _ _ _ _ _ _ _ _ _ _ _ _ _ _ _ _ _ _ _ _ _ _ _ _ _ _ _ _ _ _ _ _ _ _ _ _ _ _ _ _ _ _ _ _ _ _ _ _ _ _ _ _ _ _ _ _ _ _ _ _ _ _ _ _ _ _ _ _ _ _ _ _\n\nelems = [<selenium.webdriver.support.event_firing_webdriver.EventFiringWebElement object at 0x0000024043EFA8A0>, <selenium.web...43EFA510>, <selenium.webdriver.support.event_firing_webdriver.EventFiringWebElement object at 0x0000024043EF9E20>, ...]\nexpected = 11\n\n    @staticmethod\n    @allure.step('Verify number of elements is \"{expected}\"')\n    def verify_number_of_elements(elems: List[WebElement], expected: int):\n        print(f\"number of elements is {len(elems)}\")\n>       assert len(elems) == expected, f'Number of elements: {str(len(elems))} does not match expected {str(expected)}'\nE       AssertionError: Number of elements: 10 does not match expected 11\n\n..\\extensions\\verification.py:45: AssertionError"}, "description": "This test verifies that the number of products displayed on the Parabank products page.", "steps": [{"name": "Navigate to the Products page on Parabank", "status": "passed", "steps": [{"name": "Click on element", "status": "passed", "parameters": [{"name": "element", "value": "<selenium.webdriver.support.event_firing_webdriver.EventFiringWebElement object at 0x0000024043EF9C10>"}], "start": 1725104026863, "stop": 1725104030575}], "start": 1725104026820, "stop": 1725104030575}, {"name": "Verify number of products on the products page of Parabank", "status": "failed", "statusDetails": {"message": "AssertionError: Number of elements: 10 does not match expected 11\n", "trace": "  File \"C:\\Automation\\Projects\\selenium3-python\\.venv\\Lib\\site-packages\\allure_commons\\_allure.py\", line 192, in impl\n    return func(*a, **kw)\n           ^^^^^^^^^^^^^^\n  File \"C:\\Automation\\Projects\\selenium3-python\\workflows\\web_flows.py\", line 65, in verify_number_of_products\n    Verifications.verify_number_of_elements(page.products_page.get_list_of_products(), expected)\n  File \"C:\\Automation\\Projects\\selenium3-python\\.venv\\Lib\\site-packages\\allure_commons\\_allure.py\", line 192, in impl\n    return func(*a, **kw)\n           ^^^^^^^^^^^^^^\n  File \"C:\\Automation\\Projects\\selenium3-python\\extensions\\verification.py\", line 45, in verify_number_of_elements\n    assert len(elems) == expected, f'Number of elements: {str(len(elems))} does not match expected {str(expected)}'\n"}, "steps": [{"name": "Verify number of elements is \"11\"", "status": "failed", "statusDetails": {"message": "AssertionError: Number of elements: 10 does not match expected 11\n", "trace": "  File \"C:\\Automation\\Projects\\selenium3-python\\.venv\\Lib\\site-packages\\allure_commons\\_allure.py\", line 192, in impl\n    return func(*a, **kw)\n           ^^^^^^^^^^^^^^\n  File \"C:\\Automation\\Projects\\selenium3-python\\extensions\\verification.py\", line 45, in verify_number_of_elements\n    assert len(elems) == expected, f'Number of elements: {str(len(elems))} does not match expected {str(expected)}'\n"}, "parameters": [{"name": "elems", "value": "[<selenium.webdriver.support.event_firing_webdriver.EventFiringWebElement object at 0x0000024043EFA8A0>, <selenium.webdriver.support.event_firing_webdriver.EventFiringWebElement object at 0x0000024043EF9430>, <selenium.webdriver.support.event_firing_webdriver.EventFiringWebElement object at 0x0000024043EF9F70>, <selenium.webdriver.support.event_firing_webdriver.EventFiringWebElement object at 0x0000024043EFA6C0>, <selenium.webdriver.support.event_firing_webdriver.EventFiringWebElement object at 0x0000024043EFA510>, <selenium.webdriver.support.event_firing_webdriver.EventFiringWebElement object at 0x0000024043EF9E20>, <selenium.webdriver.support.event_firing_webdriver.EventFiringWebElement object at 0x0000024043EF8B30>, <selenium.webdriver.support.event_firing_webdriver.EventFiringWebElement object at 0x0000024043EFAA80>, <selenium.webdriver.support.event_firing_webdriver.EventFiringWebElement object at 0x0000024043EFA5A0>, <selenium.webdriver.support.event_firing_webdriver.EventFiringWebElement object at 0x0000024043EFB080>]"}, {"name": "expected", "value": "11"}], "start": 1725104030841, "stop": 1725104030842}], "parameters": [{"name": "expected", "value": "11"}], "start": 1725104030575, "stop": 1725104030843}], "attachments": [{"source": "a34aab04-211b-4ca0-8ba6-4d6d9bcffc75-attachment.png", "type": "image/png"}], "start": 1725104026819, "stop": 1725104030845, "uuid": "4ebddde8-1183-422a-b749-1b2cba456537", "historyId": "c30e62fafbc1b1526f0d9abc156543fe", "testCaseId": "c30e62fafbc1b1526f0d9abc156543fe", "fullName": "test_web.TestWeb#test_verify_number_of_products", "labels": [{"name": "tag", "value": "@pytest.mark.usefixtures('init_web_driver')"}, {"name": "suite", "value": "test_web"}, {"name": "subSuite", "value": "TestWeb"}, {"name": "host", "value": "DESKTOP-DHGB96Q"}, {"name": "thread", "value": "13112-MainThread"}, {"name": "framework", "value": "pytest"}, {"name": "language", "value": "cpython3"}, {"name": "package", "value": "test_web"}]}