{"name": "Test04: Verify Number of Products on Parabank", "status": "failed", "statusDetails": {"message": "AssertionError: Number of elements: 10 does not match expected 11", "trace": "self = <tests_cases.test_web.TestWeb object at 0x0000023029520650>\n\n    @allure.title('Test04: Verify Number of Products on Parabank')\n    @allure.description('This test verifies that the number of products displayed on the Parabank products page.')\n    def test_verify_number_of_products(self):\n        # Navigate to the products page on the Parabank application.\n        WebFlows.navigate_products_page_parabank()\n        # Verify that the number of products on the page is equal to expected.\n>       WebFlows.verify_number_of_products(11)\n\ntests_cases\\test_web.py:52: \n_ _ _ _ _ _ _ _ _ _ _ _ _ _ _ _ _ _ _ _ _ _ _ _ _ _ _ _ _ _ _ _ _ _ _ _ _ _ _ _\nworkflows\\web_flows.py:65: in verify_number_of_products\n    Verifications.verify_number_of_elements(page.products_page.get_list_of_products(), expected)\n_ _ _ _ _ _ _ _ _ _ _ _ _ _ _ _ _ _ _ _ _ _ _ _ _ _ _ _ _ _ _ _ _ _ _ _ _ _ _ _\n\nelems = [<selenium.webdriver.support.event_firing_webdriver.EventFiringWebElement object at 0x000002302957B920>, <selenium.web...295CF530>, <selenium.webdriver.support.event_firing_webdriver.EventFiringWebElement object at 0x00000230295CF8C0>, ...]\nexpected = 11\n\n    @staticmethod\n    @allure.step('Verify number of elements is \"{expected}\"')\n    def verify_number_of_elements(elems: List[WebElement], expected: int):\n        print(f\"number of elements is {len(elems)}\")\n>       assert len(elems) == expected, f'Number of elements: {str(len(elems))} does not match expected {str(expected)}'\nE       AssertionError: Number of elements: 10 does not match expected 11\n\nextensions\\verification.py:45: AssertionError"}, "description": "This test verifies that the number of products displayed on the Parabank products page.", "steps": [{"name": "Navigate to the Products page on Parabank", "status": "passed", "steps": [{"name": "Click on element", "status": "passed", "parameters": [{"name": "element", "value": "<selenium.webdriver.support.event_firing_webdriver.EventFiringWebElement object at 0x000002302957B4A0>"}], "start": 1735281300984, "stop": 1735281305710}], "start": 1735281300934, "stop": 1735281305710}, {"name": "Verify number of products on the products page of Parabank", "status": "failed", "statusDetails": {"message": "AssertionError: Number of elements: 10 does not match expected 11\n", "trace": "  File \"C:\\Automation\\Projects\\selenium3-python\\.venv\\Lib\\site-packages\\allure_commons\\_allure.py\", line 192, in impl\n    return func(*a, **kw)\n           ^^^^^^^^^^^^^^\n  File \"C:\\Automation\\Projects\\selenium3-python\\workflows\\web_flows.py\", line 65, in verify_number_of_products\n    Verifications.verify_number_of_elements(page.products_page.get_list_of_products(), expected)\n  File \"C:\\Automation\\Projects\\selenium3-python\\.venv\\Lib\\site-packages\\allure_commons\\_allure.py\", line 192, in impl\n    return func(*a, **kw)\n           ^^^^^^^^^^^^^^\n  File \"C:\\Automation\\Projects\\selenium3-python\\extensions\\verification.py\", line 45, in verify_number_of_elements\n    assert len(elems) == expected, f'Number of elements: {str(len(elems))} does not match expected {str(expected)}'\n"}, "steps": [{"name": "Verify number of elements is \"11\"", "status": "failed", "statusDetails": {"message": "AssertionError: Number of elements: 10 does not match expected 11\n", "trace": "  File \"C:\\Automation\\Projects\\selenium3-python\\.venv\\Lib\\site-packages\\allure_commons\\_allure.py\", line 192, in impl\n    return func(*a, **kw)\n           ^^^^^^^^^^^^^^\n  File \"C:\\Automation\\Projects\\selenium3-python\\extensions\\verification.py\", line 45, in verify_number_of_elements\n    assert len(elems) == expected, f'Number of elements: {str(len(elems))} does not match expected {str(expected)}'\n"}, "parameters": [{"name": "elems", "value": "[<selenium.webdriver.support.event_firing_webdriver.EventFiringWebElement object at 0x000002302957B920>, <selenium.webdriver.support.event_firing_webdriver.EventFiringWebElement object at 0x00000230295CF620>, <selenium.webdriver.support.event_firing_webdriver.EventFiringWebElement object at 0x00000230295CF590>, <selenium.webdriver.support.event_firing_webdriver.EventFiringWebElement object at 0x00000230295CF860>, <selenium.webdriver.support.event_firing_webdriver.EventFiringWebElement object at 0x00000230295CF530>, <selenium.webdriver.support.event_firing_webdriver.EventFiringWebElement object at 0x00000230295CF8C0>, <selenium.webdriver.support.event_firing_webdriver.EventFiringWebElement object at 0x00000230295CF920>, <selenium.webdriver.support.event_firing_webdriver.EventFiringWebElement object at 0x00000230295CF980>, <selenium.webdriver.support.event_firing_webdriver.EventFiringWebElement object at 0x00000230295CF9E0>, <selenium.webdriver.support.event_firing_webdriver.EventFiringWebElement object at 0x00000230295CFA40>]"}, {"name": "expected", "value": "11"}], "start": 1735281305776, "stop": 1735281305776}], "parameters": [{"name": "expected", "value": "11"}], "start": 1735281305710, "stop": 1735281305791}], "attachments": [{"source": "8a7088d0-f812-4fbc-9878-a2f66f32ef54-attachment.png", "type": "image/png"}], "start": 1735281300933, "stop": 1735281305794, "uuid": "a588eb5a-a386-49fa-a077-1747fa6f51c5", "testCaseId": "3f9346aec0645840d89d4ce2fdd10386", "fullName": "tests_cases.test_web.TestWeb#test_verify_number_of_products"}