{"name": "Test04: Verify Number of Products on Parabank", "status": "failed", "statusDetails": {"message": "AssertionError: Number of elements: 10 does not match expected 11", "trace": "self = <tests_cases.test_web.TestWeb object at 0x00000194CE328DD0>\n\n    @allure.title('Test04: Verify Number of Products on Parabank')\n    @allure.description('This test verifies that the number of products displayed on the Parabank products page.')\n    def test_verify_number_of_products(self):\n        # Navigate to the products page on the Parabank application.\n        WebFlows.navigate_products_page_parabank()\n        # Verify that the number of products on the page is equal to expected.\n>       WebFlows.verify_number_of_products(11)\n\ntests_cases\\test_web.py:52: \n_ _ _ _ _ _ _ _ _ _ _ _ _ _ _ _ _ _ _ _ _ _ _ _ _ _ _ _ _ _ _ _ _ _ _ _ _ _ _ _\nworkflows\\web_flows.py:65: in verify_number_of_products\n    Verifications.verify_number_of_elements(page.products_page.get_list_of_products(), expected)\n_ _ _ _ _ _ _ _ _ _ _ _ _ _ _ _ _ _ _ _ _ _ _ _ _ _ _ _ _ _ _ _ _ _ _ _ _ _ _ _\n\nelems = [<selenium.webdriver.support.event_firing_webdriver.EventFiringWebElement object at 0x00000194CE773AA0>, <selenium.web...CE771310>, <selenium.webdriver.support.event_firing_webdriver.EventFiringWebElement object at 0x00000194CE770EC0>, ...]\nexpected = 11\n\n    @staticmethod\n    @allure.step('Verify number of elements is \"{expected}\"')\n    def verify_number_of_elements(elems: List[WebElement], expected: int):\n        print(f\"number of elements is {len(elems)}\")\n>       assert len(elems) == expected, f'Number of elements: {str(len(elems))} does not match expected {str(expected)}'\nE       AssertionError: Number of elements: 10 does not match expected 11\n\nextensions\\verification.py:45: AssertionError"}, "description": "This test verifies that the number of products displayed on the Parabank products page.", "steps": [{"name": "Navigate to the Products page on Parabank", "status": "passed", "steps": [{"name": "Click on element", "status": "passed", "parameters": [{"name": "element", "value": "<selenium.webdriver.support.event_firing_webdriver.EventFiringWebElement object at 0x00000194CE3BB380>"}], "start": 1735281063592, "stop": 1735281070132}], "start": 1735281063495, "stop": 1735281070132}, {"name": "Verify number of products on the products page of Parabank", "status": "failed", "statusDetails": {"message": "AssertionError: Number of elements: 10 does not match expected 11\n", "trace": "  File \"C:\\Automation\\Projects\\selenium3-python\\.venv\\Lib\\site-packages\\allure_commons\\_allure.py\", line 192, in impl\n    return func(*a, **kw)\n           ^^^^^^^^^^^^^^\n  File \"C:\\Automation\\Projects\\selenium3-python\\workflows\\web_flows.py\", line 65, in verify_number_of_products\n    Verifications.verify_number_of_elements(page.products_page.get_list_of_products(), expected)\n  File \"C:\\Automation\\Projects\\selenium3-python\\.venv\\Lib\\site-packages\\allure_commons\\_allure.py\", line 192, in impl\n    return func(*a, **kw)\n           ^^^^^^^^^^^^^^\n  File \"C:\\Automation\\Projects\\selenium3-python\\extensions\\verification.py\", line 45, in verify_number_of_elements\n    assert len(elems) == expected, f'Number of elements: {str(len(elems))} does not match expected {str(expected)}'\n"}, "steps": [{"name": "Verify number of elements is \"11\"", "status": "failed", "statusDetails": {"message": "AssertionError: Number of elements: 10 does not match expected 11\n", "trace": "  File \"C:\\Automation\\Projects\\selenium3-python\\.venv\\Lib\\site-packages\\allure_commons\\_allure.py\", line 192, in impl\n    return func(*a, **kw)\n           ^^^^^^^^^^^^^^\n  File \"C:\\Automation\\Projects\\selenium3-python\\extensions\\verification.py\", line 45, in verify_number_of_elements\n    assert len(elems) == expected, f'Number of elements: {str(len(elems))} does not match expected {str(expected)}'\n"}, "parameters": [{"name": "elems", "value": "[<selenium.webdriver.support.event_firing_webdriver.EventFiringWebElement object at 0x00000194CE773AA0>, <selenium.webdriver.support.event_firing_webdriver.EventFiringWebElement object at 0x00000194CE773B00>, <selenium.webdriver.support.event_firing_webdriver.EventFiringWebElement object at 0x00000194CE7718B0>, <selenium.webdriver.support.event_firing_webdriver.EventFiringWebElement object at 0x00000194CE773D70>, <selenium.webdriver.support.event_firing_webdriver.EventFiringWebElement object at 0x00000194CE771310>, <selenium.webdriver.support.event_firing_webdriver.EventFiringWebElement object at 0x00000194CE770EC0>, <selenium.webdriver.support.event_firing_webdriver.EventFiringWebElement object at 0x00000194CE773A40>, <selenium.webdriver.support.event_firing_webdriver.EventFiringWebElement object at 0x00000194CE773F80>, <selenium.webdriver.support.event_firing_webdriver.EventFiringWebElement object at 0x00000194CE773FE0>, <selenium.webdriver.support.event_firing_webdriver.EventFiringWebElement object at 0x00000194CE788080>]"}, {"name": "expected", "value": "11"}], "start": 1735281070277, "stop": 1735281070277}], "parameters": [{"name": "expected", "value": "11"}], "start": 1735281070132, "stop": 1735281072978}], "attachments": [{"source": "3794b68d-c002-4715-9757-71790a516652-attachment.png", "type": "image/png"}], "start": 1735281063495, "stop": 1735281073003, "uuid": "fa80e51d-76df-402c-b594-cf9e43ddf6fd", "testCaseId": "3f9346aec0645840d89d4ce2fdd10386", "fullName": "tests_cases.test_web.TestWeb#test_verify_number_of_products"}