{"uid":"4be08f44c366a48d","name":"Test04: Verify Number of Products on Parabank","fullName":"tests_cases.test_web.TestWeb#test_verify_number_of_products","time":{"start":1735281300933,"stop":1735281305794,"duration":4861},"description":"This test verifies that the number of products displayed on the Parabank products page.","descriptionHtml":"<p>This test verifies that the number of products displayed on the Parabank products page.</p>\n","status":"failed","statusMessage":"AssertionError: Number of elements: 10 does not match expected 11","statusTrace":"self = <tests_cases.test_web.TestWeb object at 0x0000023029520650>\n\n    @allure.title('Test04: Verify Number of Products on Parabank')\n    @allure.description('This test verifies that the number of products displayed on the Parabank products page.')\n    def test_verify_number_of_products(self):\n        # Navigate to the products page on the Parabank application.\n        WebFlows.navigate_products_page_parabank()\n        # Verify that the number of products on the page is equal to expected.\n>       WebFlows.verify_number_of_products(11)\n\ntests_cases\\test_web.py:52: \n_ _ _ _ _ _ _ _ _ _ _ _ _ _ _ _ _ _ _ _ _ _ _ _ _ _ _ _ _ _ _ _ _ _ _ _ _ _ _ _\nworkflows\\web_flows.py:65: in verify_number_of_products\n    Verifications.verify_number_of_elements(page.products_page.get_list_of_products(), expected)\n_ _ _ _ _ _ _ _ _ _ _ _ _ _ _ _ _ _ _ _ _ _ _ _ _ _ _ _ _ _ _ _ _ _ _ _ _ _ _ _\n\nelems = [<selenium.webdriver.support.event_firing_webdriver.EventFiringWebElement object at 0x000002302957B920>, <selenium.web...295CF530>, <selenium.webdriver.support.event_firing_webdriver.EventFiringWebElement object at 0x00000230295CF8C0>, ...]\nexpected = 11\n\n    @staticmethod\n    @allure.step('Verify number of elements is \"{expected}\"')\n    def verify_number_of_elements(elems: List[WebElement], expected: int):\n        print(f\"number of elements is {len(elems)}\")\n>       assert len(elems) == expected, f'Number of elements: {str(len(elems))} does not match expected {str(expected)}'\nE       AssertionError: Number of elements: 10 does not match expected 11\n\nextensions\\verification.py:45: AssertionError","flaky":false,"newFailed":false,"newBroken":false,"newPassed":false,"retriesCount":0,"retriesStatusChange":false,"beforeStages":[{"name":"init_web_driver","time":{"start":1735281285503,"stop":1735281293101,"duration":7598},"status":"passed","steps":[],"attachments":[],"parameters":[],"stepsCount":0,"hasContent":false,"attachmentsCount":0,"shouldDisplayMessage":false},{"name":"_xunit_setup_method_fixture_TestWeb","time":{"start":1735281300932,"stop":1735281300932,"duration":0},"status":"passed","steps":[],"attachments":[],"parameters":[],"stepsCount":0,"hasContent":false,"attachmentsCount":0,"shouldDisplayMessage":false}],"testStage":{"description":"This test verifies that the number of products displayed on the Parabank products page.","status":"failed","statusMessage":"AssertionError: Number of elements: 10 does not match expected 11","statusTrace":"self = <tests_cases.test_web.TestWeb object at 0x0000023029520650>\n\n    @allure.title('Test04: Verify Number of Products on Parabank')\n    @allure.description('This test verifies that the number of products displayed on the Parabank products page.')\n    def test_verify_number_of_products(self):\n        # Navigate to the products page on the Parabank application.\n        WebFlows.navigate_products_page_parabank()\n        # Verify that the number of products on the page is equal to expected.\n>       WebFlows.verify_number_of_products(11)\n\ntests_cases\\test_web.py:52: \n_ _ _ _ _ _ _ _ _ _ _ _ _ _ _ _ _ _ _ _ _ _ _ _ _ _ _ _ _ _ _ _ _ _ _ _ _ _ _ _\nworkflows\\web_flows.py:65: in verify_number_of_products\n    Verifications.verify_number_of_elements(page.products_page.get_list_of_products(), expected)\n_ _ _ _ _ _ _ _ _ _ _ _ _ _ _ _ _ _ _ _ _ _ _ _ _ _ _ _ _ _ _ _ _ _ _ _ _ _ _ _\n\nelems = [<selenium.webdriver.support.event_firing_webdriver.EventFiringWebElement object at 0x000002302957B920>, <selenium.web...295CF530>, <selenium.webdriver.support.event_firing_webdriver.EventFiringWebElement object at 0x00000230295CF8C0>, ...]\nexpected = 11\n\n    @staticmethod\n    @allure.step('Verify number of elements is \"{expected}\"')\n    def verify_number_of_elements(elems: List[WebElement], expected: int):\n        print(f\"number of elements is {len(elems)}\")\n>       assert len(elems) == expected, f'Number of elements: {str(len(elems))} does not match expected {str(expected)}'\nE       AssertionError: Number of elements: 10 does not match expected 11\n\nextensions\\verification.py:45: AssertionError","steps":[{"name":"Navigate to the Products page on Parabank","time":{"start":1735281300934,"stop":1735281305710,"duration":4776},"status":"passed","steps":[{"name":"Click on element","time":{"start":1735281300984,"stop":1735281305710,"duration":4726},"status":"passed","steps":[],"attachments":[],"parameters":[{"name":"element","value":"<selenium.webdriver.support.event_firing_webdriver.EventFiringWebElement object at 0x000002302957B4A0>"}],"stepsCount":0,"hasContent":true,"attachmentsCount":0,"shouldDisplayMessage":false}],"attachments":[],"parameters":[],"stepsCount":1,"hasContent":true,"attachmentsCount":0,"shouldDisplayMessage":false},{"name":"Verify number of products on the products page of Parabank","time":{"start":1735281305710,"stop":1735281305791,"duration":81},"status":"failed","statusMessage":"AssertionError: Number of elements: 10 does not match expected 11\n","statusTrace":"  File \"C:\\Automation\\Projects\\selenium3-python\\.venv\\Lib\\site-packages\\allure_commons\\_allure.py\", line 192, in impl\n    return func(*a, **kw)\n           ^^^^^^^^^^^^^^\n  File \"C:\\Automation\\Projects\\selenium3-python\\workflows\\web_flows.py\", line 65, in verify_number_of_products\n    Verifications.verify_number_of_elements(page.products_page.get_list_of_products(), expected)\n  File \"C:\\Automation\\Projects\\selenium3-python\\.venv\\Lib\\site-packages\\allure_commons\\_allure.py\", line 192, in impl\n    return func(*a, **kw)\n           ^^^^^^^^^^^^^^\n  File \"C:\\Automation\\Projects\\selenium3-python\\extensions\\verification.py\", line 45, in verify_number_of_elements\n    assert len(elems) == expected, f'Number of elements: {str(len(elems))} does not match expected {str(expected)}'\n","steps":[{"name":"Verify number of elements is \"11\"","time":{"start":1735281305776,"stop":1735281305776,"duration":0},"status":"failed","statusMessage":"AssertionError: Number of elements: 10 does not match expected 11\n","statusTrace":"  File \"C:\\Automation\\Projects\\selenium3-python\\.venv\\Lib\\site-packages\\allure_commons\\_allure.py\", line 192, in impl\n    return func(*a, **kw)\n           ^^^^^^^^^^^^^^\n  File \"C:\\Automation\\Projects\\selenium3-python\\extensions\\verification.py\", line 45, in verify_number_of_elements\n    assert len(elems) == expected, f'Number of elements: {str(len(elems))} does not match expected {str(expected)}'\n","steps":[],"attachments":[],"parameters":[{"name":"elems","value":"[<selenium.webdriver.support.event_firing_webdriver.EventFiringWebElement object at 0x000002302957B920>, <selenium.webdriver.support.event_firing_webdriver.EventFiringWebElement object at 0x00000230295CF620>, <selenium.webdriver.support.event_firing_webdriver.EventFiringWebElement object at 0x00000230295CF590>, <selenium.webdriver.support.event_firing_webdriver.EventFiringWebElement object at 0x00000230295CF860>, <selenium.webdriver.support.event_firing_webdriver.EventFiringWebElement object at 0x00000230295CF530>, <selenium.webdriver.support.event_firing_webdriver.EventFiringWebElement object at 0x00000230295CF8C0>, <selenium.webdriver.support.event_firing_webdriver.EventFiringWebElement object at 0x00000230295CF920>, <selenium.webdriver.support.event_firing_webdriver.EventFiringWebElement object at 0x00000230295CF980>, <selenium.webdriver.support.event_firing_webdriver.EventFiringWebElement object at 0x00000230295CF9E0>, <selenium.webdriver.support.event_firing_webdriver.EventFiringWebElement object at 0x00000230295CFA40>]"},{"name":"expected","value":"11"}],"stepsCount":0,"hasContent":true,"attachmentsCount":0,"shouldDisplayMessage":true}],"attachments":[],"parameters":[{"name":"expected","value":"11"}],"stepsCount":1,"hasContent":true,"attachmentsCount":0,"shouldDisplayMessage":false}],"attachments":[{"type":"image/png","size":0}],"parameters":[],"stepsCount":4,"hasContent":true,"attachmentsCount":1,"shouldDisplayMessage":true},"afterStages":[{"name":"_xunit_setup_method_fixture_TestWeb::0","time":{"start":1735281307544,"stop":1735281309830,"duration":2286},"status":"passed","steps":[{"name":"Navigate to the Parabank home page","time":{"start":1735281307544,"stop":1735281309830,"duration":2286},"status":"passed","steps":[],"attachments":[],"parameters":[],"stepsCount":0,"hasContent":false,"attachmentsCount":0,"shouldDisplayMessage":false}],"attachments":[],"parameters":[],"stepsCount":1,"hasContent":true,"attachmentsCount":0,"shouldDisplayMessage":false},{"name":"init_web_driver::0","time":{"start":1735281310066,"stop":1735281314857,"duration":4791},"status":"passed","steps":[],"attachments":[],"parameters":[],"stepsCount":0,"hasContent":false,"attachmentsCount":0,"shouldDisplayMessage":false}],"labels":[{"name":"resultFormat","value":"allure2"}],"parameters":[],"links":[],"hidden":false,"retry":false,"extra":{"severity":"normal","categories":[{"name":"Product defects","matchedStatuses":[],"flaky":false}],"tags":[]},"source":"4be08f44c366a48d.json","parameterValues":[]}