{"uid":"fa96a66bc53fc96a","name":"Test04: Verify Number of Products on Parabank","fullName":"tests_cases.test_web.TestWeb#test_verify_number_of_products","historyId":"3f9346aec0645840d89d4ce2fdd10386","time":{"start":1735281587004,"stop":1735281593762,"duration":6758},"description":"This test verifies that the number of products displayed on the Parabank products page.","descriptionHtml":"<p>This test verifies that the number of products displayed on the Parabank products page.</p>\n","status":"failed","statusMessage":"AssertionError: Number of elements: 10 does not match expected 11","statusTrace":"self = <tests_cases.test_web.TestWeb object at 0x000001E7EA998110>\n\n    @allure.title('Test04: Verify Number of Products on Parabank')\n    @allure.description('This test verifies that the number of products displayed on the Parabank products page.')\n    def test_verify_number_of_products(self):\n        # Navigate to the products page on the Parabank application.\n        WebFlows.navigate_products_page_parabank()\n        # Verify that the number of products on the page is equal to expected.\n>       WebFlows.verify_number_of_products(11)\n\ntests_cases\\test_web.py:52: \n_ _ _ _ _ _ _ _ _ _ _ _ _ _ _ _ _ _ _ _ _ _ _ _ _ _ _ _ _ _ _ _ _ _ _ _ _ _ _ _\nworkflows\\web_flows.py:65: in verify_number_of_products\n    Verifications.verify_number_of_elements(page.products_page.get_list_of_products(), expected)\n_ _ _ _ _ _ _ _ _ _ _ _ _ _ _ _ _ _ _ _ _ _ _ _ _ _ _ _ _ _ _ _ _ _ _ _ _ _ _ _\n\nelems = [<selenium.webdriver.support.event_firing_webdriver.EventFiringWebElement object at 0x000001E7EADA1940>, <selenium.web...EADA3E60>, <selenium.webdriver.support.event_firing_webdriver.EventFiringWebElement object at 0x000001E7EADA3EF0>, ...]\nexpected = 11\n\n    @staticmethod\n    @allure.step('Verify number of elements is \"{expected}\"')\n    def verify_number_of_elements(elems: List[WebElement], expected: int):\n        print(f\"number of elements is {len(elems)}\")\n>       assert len(elems) == expected, f'Number of elements: {str(len(elems))} does not match expected {str(expected)}'\nE       AssertionError: Number of elements: 10 does not match expected 11\n\nextensions\\verification.py:45: AssertionError","flaky":false,"newFailed":true,"newBroken":false,"newPassed":false,"retriesCount":1,"retriesStatusChange":true,"beforeStages":[{"name":"init_web_driver","time":{"start":1735281569797,"stop":1735281580011,"duration":10214},"status":"passed","steps":[],"attachments":[],"parameters":[],"stepsCount":0,"hasContent":false,"attachmentsCount":0,"shouldDisplayMessage":false},{"name":"_xunit_setup_method_fixture_TestWeb","time":{"start":1735281587003,"stop":1735281587003,"duration":0},"status":"passed","steps":[],"attachments":[],"parameters":[],"stepsCount":0,"hasContent":false,"attachmentsCount":0,"shouldDisplayMessage":false}],"testStage":{"description":"This test verifies that the number of products displayed on the Parabank products page.","status":"failed","statusMessage":"AssertionError: Number of elements: 10 does not match expected 11","statusTrace":"self = <tests_cases.test_web.TestWeb object at 0x000001E7EA998110>\n\n    @allure.title('Test04: Verify Number of Products on Parabank')\n    @allure.description('This test verifies that the number of products displayed on the Parabank products page.')\n    def test_verify_number_of_products(self):\n        # Navigate to the products page on the Parabank application.\n        WebFlows.navigate_products_page_parabank()\n        # Verify that the number of products on the page is equal to expected.\n>       WebFlows.verify_number_of_products(11)\n\ntests_cases\\test_web.py:52: \n_ _ _ _ _ _ _ _ _ _ _ _ _ _ _ _ _ _ _ _ _ _ _ _ _ _ _ _ _ _ _ _ _ _ _ _ _ _ _ _\nworkflows\\web_flows.py:65: in verify_number_of_products\n    Verifications.verify_number_of_elements(page.products_page.get_list_of_products(), expected)\n_ _ _ _ _ _ _ _ _ _ _ _ _ _ _ _ _ _ _ _ _ _ _ _ _ _ _ _ _ _ _ _ _ _ _ _ _ _ _ _\n\nelems = [<selenium.webdriver.support.event_firing_webdriver.EventFiringWebElement object at 0x000001E7EADA1940>, <selenium.web...EADA3E60>, <selenium.webdriver.support.event_firing_webdriver.EventFiringWebElement object at 0x000001E7EADA3EF0>, ...]\nexpected = 11\n\n    @staticmethod\n    @allure.step('Verify number of elements is \"{expected}\"')\n    def verify_number_of_elements(elems: List[WebElement], expected: int):\n        print(f\"number of elements is {len(elems)}\")\n>       assert len(elems) == expected, f'Number of elements: {str(len(elems))} does not match expected {str(expected)}'\nE       AssertionError: Number of elements: 10 does not match expected 11\n\nextensions\\verification.py:45: AssertionError","steps":[{"name":"Navigate to the Products page on Parabank","time":{"start":1735281587004,"stop":1735281593720,"duration":6716},"status":"passed","steps":[{"name":"Click on element","time":{"start":1735281587055,"stop":1735281593720,"duration":6665},"status":"passed","steps":[],"attachments":[],"parameters":[{"name":"element","value":"<selenium.webdriver.support.event_firing_webdriver.EventFiringWebElement object at 0x000001E7EA9E6150>"}],"stepsCount":0,"hasContent":true,"attachmentsCount":0,"shouldDisplayMessage":false}],"attachments":[],"parameters":[],"stepsCount":1,"hasContent":true,"attachmentsCount":0,"shouldDisplayMessage":false},{"name":"Verify number of products on the products page of Parabank","time":{"start":1735281593720,"stop":1735281593760,"duration":40},"status":"failed","statusMessage":"AssertionError: Number of elements: 10 does not match expected 11\n","statusTrace":"  File \"C:\\Automation\\Projects\\selenium3-python\\.venv\\Lib\\site-packages\\allure_commons\\_allure.py\", line 192, in impl\n    return func(*a, **kw)\n           ^^^^^^^^^^^^^^\n  File \"C:\\Automation\\Projects\\selenium3-python\\workflows\\web_flows.py\", line 65, in verify_number_of_products\n    Verifications.verify_number_of_elements(page.products_page.get_list_of_products(), expected)\n  File \"C:\\Automation\\Projects\\selenium3-python\\.venv\\Lib\\site-packages\\allure_commons\\_allure.py\", line 192, in impl\n    return func(*a, **kw)\n           ^^^^^^^^^^^^^^\n  File \"C:\\Automation\\Projects\\selenium3-python\\extensions\\verification.py\", line 45, in verify_number_of_elements\n    assert len(elems) == expected, f'Number of elements: {str(len(elems))} does not match expected {str(expected)}'\n","steps":[{"name":"Verify number of elements is \"11\"","time":{"start":1735281593756,"stop":1735281593756,"duration":0},"status":"failed","statusMessage":"AssertionError: Number of elements: 10 does not match expected 11\n","statusTrace":"  File \"C:\\Automation\\Projects\\selenium3-python\\.venv\\Lib\\site-packages\\allure_commons\\_allure.py\", line 192, in impl\n    return func(*a, **kw)\n           ^^^^^^^^^^^^^^\n  File \"C:\\Automation\\Projects\\selenium3-python\\extensions\\verification.py\", line 45, in verify_number_of_elements\n    assert len(elems) == expected, f'Number of elements: {str(len(elems))} does not match expected {str(expected)}'\n","steps":[],"attachments":[],"parameters":[{"name":"elems","value":"[<selenium.webdriver.support.event_firing_webdriver.EventFiringWebElement object at 0x000001E7EADA1940>, <selenium.webdriver.support.event_firing_webdriver.EventFiringWebElement object at 0x000001E7EADA1400>, <selenium.webdriver.support.event_firing_webdriver.EventFiringWebElement object at 0x000001E7EADA3C20>, <selenium.webdriver.support.event_firing_webdriver.EventFiringWebElement object at 0x000001E7EADA39B0>, <selenium.webdriver.support.event_firing_webdriver.EventFiringWebElement object at 0x000001E7EADA3E60>, <selenium.webdriver.support.event_firing_webdriver.EventFiringWebElement object at 0x000001E7EADA3EF0>, <selenium.webdriver.support.event_firing_webdriver.EventFiringWebElement object at 0x000001E7EADA3F50>, <selenium.webdriver.support.event_firing_webdriver.EventFiringWebElement object at 0x000001E7EADA3FB0>, <selenium.webdriver.support.event_firing_webdriver.EventFiringWebElement object at 0x000001E7EADB4050>, <selenium.webdriver.support.event_firing_webdriver.EventFiringWebElement object at 0x000001E7EADB40B0>]"},{"name":"expected","value":"11"}],"stepsCount":0,"hasContent":true,"attachmentsCount":0,"shouldDisplayMessage":true}],"attachments":[],"parameters":[{"name":"expected","value":"11"}],"stepsCount":1,"hasContent":true,"attachmentsCount":0,"shouldDisplayMessage":false}],"attachments":[{"uid":"a37359d3bd46d277","name":"760aae4b-704f-476b-a8eb-aa3102bf41f6-attachment.png","source":"a37359d3bd46d277.png","type":"image/png","size":289061}],"parameters":[],"stepsCount":4,"hasContent":true,"attachmentsCount":1,"shouldDisplayMessage":true},"afterStages":[{"name":"_xunit_setup_method_fixture_TestWeb::0","time":{"start":1735281594349,"stop":1735281595717,"duration":1368},"status":"passed","steps":[{"name":"Navigate to the Parabank home page","time":{"start":1735281594350,"stop":1735281595717,"duration":1367},"status":"passed","steps":[],"attachments":[],"parameters":[],"stepsCount":0,"hasContent":false,"attachmentsCount":0,"shouldDisplayMessage":false}],"attachments":[],"parameters":[],"stepsCount":1,"hasContent":true,"attachmentsCount":0,"shouldDisplayMessage":false},{"name":"init_web_driver::0","time":{"start":1735281595724,"stop":1735281597964,"duration":2240},"status":"passed","steps":[],"attachments":[],"parameters":[],"stepsCount":0,"hasContent":false,"attachmentsCount":0,"shouldDisplayMessage":false}],"labels":[{"name":"tag","value":"@pytest.mark.usefixtures('init_web_driver')"},{"name":"parentSuite","value":"tests_cases"},{"name":"suite","value":"test_web"},{"name":"subSuite","value":"TestWeb"},{"name":"host","value":"DESKTOP-DHGB96Q"},{"name":"thread","value":"13024-MainThread"},{"name":"framework","value":"pytest"},{"name":"language","value":"cpython3"},{"name":"package","value":"tests_cases.test_web"},{"name":"resultFormat","value":"allure2"}],"parameters":[],"links":[],"hidden":false,"retry":false,"extra":{"severity":"normal","retries":[{"uid":"4728a44464922d50","status":"passed","time":{"start":1735280939405,"stop":1735280942868,"duration":3463}}],"categories":[{"name":"Product defects","matchedStatuses":[],"flaky":false}],"history":{"statistic":{"failed":1,"broken":5,"skipped":0,"passed":8,"unknown":0,"total":14},"items":[{"uid":"47eb52db760fc30d","reportUrl":"http://localhost:9090/job/Tests%20Web%20Python/28/allure/#testresult/47eb52db760fc30d","status":"passed","time":{"start":1735280939405,"stop":1735280942868,"duration":3463}},{"uid":"bbd20b385d3c7586","reportUrl":"http://localhost:9090/job/Tests%20Web%20Python/27/allure/#testresult/bbd20b385d3c7586","status":"passed","time":{"start":1735280939405,"stop":1735280942868,"duration":3463}},{"uid":"2629a78102a063e6","reportUrl":"http://localhost:9090/job/Tests%20Web%20Python/26/allure/#testresult/2629a78102a063e6","status":"passed","time":{"start":1735280939405,"stop":1735280942868,"duration":3463}},{"uid":"a3150386e5d89d5d","reportUrl":"http://localhost:9090/job/Tests%20Web%20Python/25/allure/#testresult/a3150386e5d89d5d","status":"passed","time":{"start":1734968675763,"stop":1734968686838,"duration":11075}},{"uid":"b83bbe22c0f6768a","reportUrl":"http://localhost:9090/job/Tests%20Web%20Python/24/allure/#testresult/b83bbe22c0f6768a","status":"broken","statusDetails":"AttributeError: module 'selenium.webdriver.edge.webdriver' has no attribute 'Chrome'","time":{"start":1734965435168,"stop":1734965435168,"duration":0}},{"uid":"204196bc972c4ca4","reportUrl":"http://localhost:9090/job/Tests%20Web%20Python/23/allure/#testresult/204196bc972c4ca4","status":"broken","statusDetails":"AttributeError: module 'selenium.webdriver.edge.webdriver' has no attribute 'Chrome'","time":{"start":1734965435168,"stop":1734965435168,"duration":0}},{"uid":"ec4af49b8a1a356c","reportUrl":"http://localhost:9090/job/Tests%20Web%20Python/22/allure/#testresult/ec4af49b8a1a356c","status":"broken","statusDetails":"AttributeError: module 'selenium.webdriver.edge.webdriver' has no attribute 'Edge'","time":{"start":1734965095830,"stop":1734965095830,"duration":0}},{"uid":"40a81db17adbf914","reportUrl":"http://localhost:9090/job/Tests%20Web%20Python/21/allure/#testresult/40a81db17adbf914","status":"passed","time":{"start":1734711301640,"stop":1734711307411,"duration":5771}},{"uid":"ed0af6ad536f3026","reportUrl":"http://localhost:9090/job/Tests%20Web%20Python/20/allure/#testresult/ed0af6ad536f3026","status":"passed","time":{"start":1734711301640,"stop":1734711307411,"duration":5771}},{"uid":"62d2453c01421196","reportUrl":"http://localhost:9090/job/Tests%20Web%20Python/19/allure/#testresult/62d2453c01421196","status":"broken","statusDetails":"TypeError: WebDriver.__init__() got an unexpected keyword argument 'service'","time":{"start":1734710815069,"stop":1734710815069,"duration":0}},{"uid":"93dc253edba1d5db","reportUrl":"http://localhost:9090/job/Tests%20Web%20Python/18/allure/#testresult/93dc253edba1d5db","status":"broken","statusDetails":"TypeError: WebDriver.__init__() got an unexpected keyword argument 'service'","time":{"start":1734710556117,"stop":1734710556117,"duration":0}},{"uid":"3eeafca506ff28ca","reportUrl":"http://localhost:9090/job/Tests%20Web%20Python/17/allure/#testresult/3eeafca506ff28ca","status":"passed","time":{"start":1734707653014,"stop":1734707657002,"duration":3988}},{"uid":"b2b178735e48de46","reportUrl":"http://localhost:9090/job/Tests%20Web%20Python/16/allure/#testresult/b2b178735e48de46","status":"passed","time":{"start":1734707437972,"stop":1734707459814,"duration":21842}}]},"tags":["@pytest.mark.usefixtures('init_web_driver')"]},"source":"fa96a66bc53fc96a.json","parameterValues":[]}